{"uuid":"b443b192-7e59-4259-9023-4c3a56c797ef","historyId":"b9a58dffd2f7a3ce93a706b1456d4eb0","fullName":"TestCases.ProfilePage.VerifyClickContinueButtonWithoutForgetPassword","labels":[{"name":"package","value":"TestCases.ProfilePage"},{"name":"testClass","value":"TestCases.ProfilePage"},{"name":"testMethod","value":"VerifyClickContinueButtonWithoutForgetPassword"},{"name":"parentSuite","value":"Default Suite"},{"name":"suite","value":"untitled4"},{"name":"subSuite","value":"TestCases.ProfilePage"},{"name":"host","value":"DESKTOP-L0TTVHB"},{"name":"thread","value":"12376@DESKTOP-L0TTVHB.main(1)"},{"name":"framework","value":"testng"},{"name":"language","value":"java"},{"name":"story","value":"This story belongs to the ProfilePage"},{"name":"severity","value":"critical"}],"links":[],"name":"Test: Verify ClickContinueButtonWithoutForgetPassword","status":"broken","statusDetails":{"known":false,"muted":false,"flaky":false,"message":"org.eclipse.wst.xml.xpath2.processor.XPathParserException: CUP parser error: Parser error: line 1 col 12: widget.ScrollView\nFor documentation on this error, please visit: https://www.selenium.dev/documentation/webdriver/troubleshooting/errors#invalid-selector-exception\nBuild info: version: '4.27.0', revision: 'd6e718d134'\nSystem info: os.name: 'Windows 11', os.arch: 'amd64', os.version: '10.0', java.version: '22.0.2'\nDriver info: io.appium.java_client.android.AndroidDriver\nCommand: [2a077bfc-377e-490c-9f90-2038ad16ccea, findElement {using=xpath, value=//android. widget.ScrollView/android.view.View[1]}]\nCapabilities {appium:appActivity: com.outshade.sacredgroves.M..., appium:appPackage: com.outshade.sacredgroves, appium:automationName: UIAutomator2, appium:databaseEnabled: false, appium:desired: {appActivity: com.outshade.sacredgroves.M..., appPackage: com.outshade.sacredgroves, automationName: UIAutomator2, platformName: ANDROID, udid: 22407d4}, appium:deviceApiLevel: 29, appium:deviceManufacturer: realme, appium:deviceModel: RMX1911, appium:deviceName: 22407d4, appium:deviceScreenDensity: 320, appium:deviceScreenSize: 720x1600, appium:deviceUDID: 22407d4, appium:javascriptEnabled: true, appium:locationContextEnabled: false, appium:networkConnectionEnabled: true, appium:pixelRatio: 2, appium:platformVersion: 10, appium:statBarHeight: 56, appium:takesScreenshot: true, appium:udid: 22407d4, appium:viewportRect: {height: 1544, left: 0, top: 56, width: 720}, appium:warnings: {}, appium:webStorageEnabled: false, platformName: ANDROID}\nSession ID: 2a077bfc-377e-490c-9f90-2038ad16ccea","trace":"org.openqa.selenium.InvalidSelectorException: org.eclipse.wst.xml.xpath2.processor.XPathParserException: CUP parser error: Parser error: line 1 col 12: widget.ScrollView\nFor documentation on this error, please visit: https://www.selenium.dev/documentation/webdriver/troubleshooting/errors#invalid-selector-exception\nBuild info: version: '4.27.0', revision: 'd6e718d134'\nSystem info: os.name: 'Windows 11', os.arch: 'amd64', os.version: '10.0', java.version: '22.0.2'\nDriver info: io.appium.java_client.android.AndroidDriver\nCommand: [2a077bfc-377e-490c-9f90-2038ad16ccea, findElement {using=xpath, value=//android. widget.ScrollView/android.view.View[1]}]\nCapabilities {appium:appActivity: com.outshade.sacredgroves.M..., appium:appPackage: com.outshade.sacredgroves, appium:automationName: UIAutomator2, appium:databaseEnabled: false, appium:desired: {appActivity: com.outshade.sacredgroves.M..., appPackage: com.outshade.sacredgroves, automationName: UIAutomator2, platformName: ANDROID, udid: 22407d4}, appium:deviceApiLevel: 29, appium:deviceManufacturer: realme, appium:deviceModel: RMX1911, appium:deviceName: 22407d4, appium:deviceScreenDensity: 320, appium:deviceScreenSize: 720x1600, appium:deviceUDID: 22407d4, appium:javascriptEnabled: true, appium:locationContextEnabled: false, appium:networkConnectionEnabled: true, appium:pixelRatio: 2, appium:platformVersion: 10, appium:statBarHeight: 56, appium:takesScreenshot: true, appium:udid: 22407d4, appium:viewportRect: {height: 1544, left: 0, top: 56, width: 720}, appium:warnings: {}, appium:webStorageEnabled: false, platformName: ANDROID}\nSession ID: 2a077bfc-377e-490c-9f90-2038ad16ccea\r\n\tat java.base/jdk.internal.reflect.DirectConstructorHandleAccessor.newInstance(DirectConstructorHandleAccessor.java:62)\r\n\tat java.base/java.lang.reflect.Constructor.newInstanceWithCaller(Constructor.java:502)\r\n\tat java.base/java.lang.reflect.Constructor.newInstance(Constructor.java:486)\r\n\tat org.openqa.selenium.remote.ErrorCodec.decode(ErrorCodec.java:167)\r\n\tat org.openqa.selenium.remote.codec.w3c.W3CHttpResponseCodec.decode(W3CHttpResponseCodec.java:138)\r\n\tat org.openqa.selenium.remote.codec.w3c.W3CHttpResponseCodec.decode(W3CHttpResponseCodec.java:50)\r\n\tat org.openqa.selenium.remote.HttpCommandExecutor.execute(HttpCommandExecutor.java:190)\r\n\tat io.appium.java_client.remote.AppiumCommandExecutor.execute(AppiumCommandExecutor.java:237)\r\n\tat org.openqa.selenium.remote.RemoteWebDriver.execute(RemoteWebDriver.java:545)\r\n\tat org.openqa.selenium.remote.ElementLocation$ElementFinder$2.findElement(ElementLocation.java:165)\r\n\tat org.openqa.selenium.remote.ElementLocation.findElement(ElementLocation.java:59)\r\n\tat org.openqa.selenium.remote.RemoteWebDriver.findElement(RemoteWebDriver.java:368)\r\n\tat org.openqa.selenium.remote.RemoteWebDriver.findElement(RemoteWebDriver.java:362)\r\n\tat org.example.Profile.ClickContinueButtonWithoutForgetPassword(Profile.java:662)\r\n\tat TestCases.ProfilePage.VerifyClickContinueButtonWithoutForgetPassword(ProfilePage.java:225)\r\n\tat java.base/jdk.internal.reflect.DirectMethodHandleAccessor.invoke(DirectMethodHandleAccessor.java:103)\r\n\tat java.base/java.lang.reflect.Method.invoke(Method.java:580)\r\n\tat org.testng.internal.invokers.MethodInvocationHelper.invokeMethod(MethodInvocationHelper.java:139)\r\n\tat org.testng.internal.invokers.TestInvoker.invokeMethod(TestInvoker.java:664)\r\n\tat org.testng.internal.invokers.TestInvoker.invokeTestMethod(TestInvoker.java:228)\r\n\tat org.testng.internal.invokers.MethodRunner.runInSequence(MethodRunner.java:63)\r\n\tat org.testng.internal.invokers.TestInvoker$MethodInvocationAgent.invoke(TestInvoker.java:961)\r\n\tat org.testng.internal.invokers.TestInvoker.invokeTestMethods(TestInvoker.java:201)\r\n\tat org.testng.internal.invokers.TestMethodWorker.invokeTestMethods(TestMethodWorker.java:148)\r\n\tat org.testng.internal.invokers.TestMethodWorker.run(TestMethodWorker.java:128)\r\n\tat java.base/java.util.ArrayList.forEach(ArrayList.java:1597)\r\n\tat org.testng.TestRunner.privateRun(TestRunner.java:819)\r\n\tat org.testng.TestRunner.run(TestRunner.java:619)\r\n\tat org.testng.SuiteRunner.runTest(SuiteRunner.java:443)\r\n\tat org.testng.SuiteRunner.runSequentially(SuiteRunner.java:437)\r\n\tat org.testng.SuiteRunner.privateRun(SuiteRunner.java:397)\r\n\tat org.testng.SuiteRunner.run(SuiteRunner.java:336)\r\n\tat org.testng.SuiteRunnerWorker.runSuite(SuiteRunnerWorker.java:52)\r\n\tat org.testng.SuiteRunnerWorker.run(SuiteRunnerWorker.java:95)\r\n\tat org.testng.TestNG.runSuitesSequentially(TestNG.java:1301)\r\n\tat org.testng.TestNG.runSuitesLocally(TestNG.java:1228)\r\n\tat org.testng.TestNG.runSuites(TestNG.java:1134)\r\n\tat org.testng.TestNG.run(TestNG.java:1101)\r\n\tat com.intellij.rt.testng.IDEARemoteTestNG.run(IDEARemoteTestNG.java:65)\r\n\tat com.intellij.rt.testng.RemoteTestNGStarter.main(RemoteTestNGStarter.java:105)\r\n"},"stage":"finished","steps":[],"attachments":[],"parameters":[],"start":1736160908972,"stop":1736160931555}